<?xml version="1.0"?>
<map>
    <general>
        <name>test-map</name>
        <author>Hildr</author>
        <version>0.1</version>
        <x_dimension>10</x_dimension>
        <y_dimension>10</y_dimension>
    </general>
    <textures>
        <texture name="gravel">gravel.jpg</texture>
    </textures>
</map>
